<?xml version="1.0" encoding="UTF-8"?>
<!-- Generated by org.testng.reporters.JUnitReportReporter -->
<testsuite name="org.open_sunbird.staging.testscripts.Mentor_TC14" tests="1" time="44.793" ignored="0" failures="0" timestamp="03 Aug 2018 05:46:19 GMT" skipped="0" hostname="QUALITRIX-PC" errors="0">
  <testcase name="enrollToCourseInOpenBatchMentor_TC14" time="44.793" classname="org.open_sunbird.staging.testscripts.Mentor_TC14"/>
</testsuite> <!-- org.open_sunbird.staging.testscripts.Mentor_TC14 -->
