<?xml version="1.0" encoding="UTF-8"?>
<!-- Generated by org.testng.reporters.JUnitReportReporter -->
<testsuite name="org.open_sunbird.staging.testscripts.Creator_TC08" tests="1" time="273.317" ignored="0" failures="0" timestamp="26 Jul 2018 11:17:43 GMT" skipped="0" hostname="QUALITRIX-PC" errors="0">
  <testcase name="uploadHtmlTestCase08" time="273.317" classname="org.open_sunbird.staging.testscripts.Creator_TC08"/>
</testsuite> <!-- org.open_sunbird.staging.testscripts.Creator_TC08 -->
