<?xml version="1.0" encoding="UTF-8"?>
<!-- Generated by org.testng.reporters.JUnitReportReporter -->
<testsuite name="org.open_sunbird.staging.testscripts.PublicUser_TC06" tests="1" time="117.169" ignored="0" failures="0" timestamp="18 Jul 2018 09:15:22 GMT" skipped="0" hostname="QUALITRIX-PC" errors="0">
  <testcase name="librarySearchTestCase06" time="117.169" classname="org.open_sunbird.staging.testscripts.PublicUser_TC06"/>
</testsuite> <!-- org.open_sunbird.staging.testscripts.PublicUser_TC06 -->
