<?xml version="1.0" encoding="UTF-8"?>
<!-- Generated by org.testng.reporters.JUnitReportReporter -->
<testsuite name="org.open_sunbird.staging.testscripts.Announcement_TC04" tests="1" time="51.274" ignored="0" failures="0" timestamp="31 Jul 2018 06:12:20 GMT" skipped="0" hostname="QUALITRIX-PC" errors="0">
  <testcase name="deleteAndVerifyAnnouncement_TC04" time="51.274" classname="org.open_sunbird.staging.testscripts.Announcement_TC04"/>
</testsuite> <!-- org.open_sunbird.staging.testscripts.Announcement_TC04 -->
