<?xml version="1.0" encoding="UTF-8"?>
<!-- Generated by org.testng.reporters.JUnitReportReporter -->
<testsuite name="org.open_sunbird.staging.testscripts.Creator_TC18" tests="1" time="118.675" ignored="0" failures="0" timestamp="24 Jul 2018 09:58:30 GMT" skipped="0" hostname="QUALITRIX-PC" errors="0">
  <testcase name="unlinkDailcodeTestCase18" time="118.675" classname="org.open_sunbird.staging.testscripts.Creator_TC18"/>
</testsuite> <!-- org.open_sunbird.staging.testscripts.Creator_TC18 -->
