<?xml version="1.0" encoding="UTF-8"?>
<!-- Generated by org.testng.reporters.JUnitReportReporter -->
<testsuite name="org.open_sunbird.staging.testscripts.PublicUser_TC03" tests="1" time="32.633" ignored="0" failures="0" timestamp="18 Jul 2018 06:45:22 GMT" skipped="0" hostname="QUALITRIX-PC" errors="0">
  <testcase name="forgotPasswordTestCase03" time="32.633" classname="org.open_sunbird.staging.testscripts.PublicUser_TC03"/>
</testsuite> <!-- org.open_sunbird.staging.testscripts.PublicUser_TC03 -->
