<?xml version="1.0" encoding="UTF-8"?>
<!-- Generated by org.testng.reporters.JUnitReportReporter -->
<testsuite name="org.open_sunbird.staging.testscripts.Creator_TC09" tests="1" time="156.337" ignored="0" failures="0" timestamp="26 Jul 2018 11:21:41 GMT" skipped="0" hostname="QUALITRIX-PC" errors="0">
  <testcase name="uploadH5pTestCase09" time="156.337" classname="org.open_sunbird.staging.testscripts.Creator_TC09"/>
</testsuite> <!-- org.open_sunbird.staging.testscripts.Creator_TC09 -->
