<?xml version="1.0" encoding="UTF-8"?>
<!-- Generated by org.testng.reporters.JUnitReportReporter -->
<testsuite name="org.open_sunbird.staging.testscripts.Mentor_TC07" tests="1" time="22.932" ignored="0" failures="0" timestamp="02 Aug 2018 11:36:26 GMT" skipped="0" hostname="QUALITRIX-PC" errors="0">
  <testcase name="NavigateToMyActivityMentorTC_07" time="22.932" classname="org.open_sunbird.staging.testscripts.Mentor_TC07"/>
</testsuite> <!-- org.open_sunbird.staging.testscripts.Mentor_TC07 -->
