<?xml version="1.0" encoding="UTF-8"?>
<!-- Generated by org.testng.reporters.JUnitReportReporter -->
<testsuite name="org.open_sunbird.staging.testscripts.Creator_TC10" tests="1" time="202.385" ignored="0" failures="0" timestamp="30 Jul 2018 10:16:50 GMT" skipped="0" hostname="QUALITRIX-PC" errors="0">
  <testcase name="collectionCreationTestCase10" time="202.385" classname="org.open_sunbird.staging.testscripts.Creator_TC10"/>
</testsuite> <!-- org.open_sunbird.staging.testscripts.Creator_TC10 -->
