<?xml version="1.0" encoding="UTF-8"?>
<!-- Generated by org.testng.reporters.JUnitReportReporter -->
<testsuite name="org.open_sunbird.staging.testscripts.PublicUser_TC05" tests="1" time="36.573" ignored="0" failures="0" timestamp="18 Jul 2018 07:56:54 GMT" skipped="0" hostname="QUALITRIX-PC" errors="0">
  <testcase name="searchCourseTestCase05" time="36.573" classname="org.open_sunbird.staging.testscripts.PublicUser_TC05"/>
</testsuite> <!-- org.open_sunbird.staging.testscripts.PublicUser_TC05 -->
