<?xml version="1.0" encoding="UTF-8"?>
<!-- Generated by org.testng.reporters.JUnitReportReporter -->
<testsuite name="org.open_sunbird.staging.testscripts.Creator_TC04" tests="1" time="50.120" ignored="0" failures="0" timestamp="30 Jul 2018 09:40:47 GMT" skipped="0" hostname="QUALITRIX-PC" errors="0">
  <testcase name="uploadMp4TestCase04" time="50.120" classname="org.open_sunbird.staging.testscripts.Creator_TC04"/>
</testsuite> <!-- org.open_sunbird.staging.testscripts.Creator_TC04 -->
