<?xml version="1.0" encoding="UTF-8"?>
<!-- Generated by org.testng.reporters.JUnitReportReporter -->
<testsuite name="org.open_sunbird.staging.testscripts.Creator_TC05" tests="1" time="156.695" ignored="0" failures="0" timestamp="26 Jul 2018 10:13:27 GMT" skipped="0" hostname="QUALITRIX-PC" errors="0">
  <testcase name="uploadWebmTestCase05" time="156.695" classname="org.open_sunbird.staging.testscripts.Creator_TC05"/>
</testsuite> <!-- org.open_sunbird.staging.testscripts.Creator_TC05 -->
