<?xml version="1.0" encoding="UTF-8"?>
<!-- Generated by org.testng.reporters.JUnitReportReporter -->
<testsuite name="org.open_sunbird.staging.testscripts.PublicUser_TC01_02" tests="1" time="18.117" ignored="0" failures="0" timestamp="18 Jul 2018 05:54:57 GMT" skipped="0" hostname="QUALITRIX-PC" errors="0">
  <testcase name="loginAndChangePasswordTestCase01_02" time="18.117" classname="org.open_sunbird.staging.testscripts.PublicUser_TC01_02"/>
</testsuite> <!-- org.open_sunbird.staging.testscripts.PublicUser_TC01_02 -->
