<?xml version="1.0" encoding="UTF-8"?>
<!-- Generated by org.testng.reporters.JUnitReportReporter -->
<testsuite name="org.open_sunbird.staging.testscripts.Mentor_TC02" tests="1" time="243.228" ignored="0" failures="0" timestamp="02 Aug 2018 08:46:47 GMT" skipped="0" hostname="QUALITRIX-PC" errors="0">
  <testcase name="consumeOpenCourseByPublicUserInMentor_TC02" time="243.228" classname="org.open_sunbird.staging.testscripts.Mentor_TC02"/>
</testsuite> <!-- org.open_sunbird.staging.testscripts.Mentor_TC02 -->
