<?xml version="1.0" encoding="UTF-8"?>
<!-- Generated by org.testng.reporters.JUnitReportReporter -->
<testsuite name="org.open_sunbird.staging.testscripts.Mentor_TC09" tests="1" time="75.422" ignored="0" failures="0" timestamp="02 Aug 2018 12:41:44 GMT" skipped="0" hostname="QUALITRIX-PC" errors="0">
  <testcase name="suborgMentorInvitingOrgMentor_TC09" time="75.422" classname="org.open_sunbird.staging.testscripts.Mentor_TC09"/>
</testsuite> <!-- org.open_sunbird.staging.testscripts.Mentor_TC09 -->
