<?xml version="1.0" encoding="UTF-8"?>
<!-- Generated by org.testng.reporters.JUnitReportReporter -->
<testsuite name="org.open_sunbird.staging.testscripts.FlagReviewer_TC02" tests="1" time="63.934" ignored="0" failures="0" timestamp="01 Aug 2018 05:29:24 GMT" skipped="0" hostname="QUALITRIX-PC" errors="0">
  <testcase name="flagReviewerTestCase02" time="63.934" classname="org.open_sunbird.staging.testscripts.FlagReviewer_TC02"/>
</testsuite> <!-- org.open_sunbird.staging.testscripts.FlagReviewer_TC02 -->
