<?xml version="1.0" encoding="UTF-8"?>
<!-- Generated by org.testng.reporters.JUnitReportReporter -->
<testsuite name="org.open_sunbird.staging.testscripts.Creator_TC12" tests="1" time="44.548" ignored="0" failures="0" timestamp="23 Jul 2018 12:32:20 GMT" skipped="0" hostname="QUALITRIX-PC" errors="0">
  <testcase name="myActivityTestCase12" time="44.548" classname="org.open_sunbird.staging.testscripts.Creator_TC12"/>
</testsuite> <!-- org.open_sunbird.staging.testscripts.Creator_TC12 -->
