<?xml version="1.0" encoding="UTF-8"?>
<!-- Generated by org.testng.reporters.JUnitReportReporter -->
<testsuite name="org.open_sunbird.staging.testscripts.Creator_TC01" tests="1" time="81.396" ignored="0" failures="0" timestamp="30 Jul 2018 06:46:49 GMT" skipped="0" hostname="QUALITRIX-PC" errors="0">
  <testcase name="courseCreationTestCase01" time="81.396" classname="org.open_sunbird.staging.testscripts.Creator_TC01"/>
</testsuite> <!-- org.open_sunbird.staging.testscripts.Creator_TC01 -->
