<?xml version="1.0" encoding="UTF-8"?>
<!-- Generated by org.testng.reporters.JUnitReportReporter -->
<testsuite name="org.open_sunbird.staging.testscripts.Mentor_TC03" tests="1" time="93.895" ignored="0" failures="0" timestamp="02 Aug 2018 10:03:01 GMT" skipped="0" hostname="QUALITRIX-PC" errors="0">
  <testcase name="checkAvailabilityCourseForInvitedMemberInMentor_TC03" time="93.895" classname="org.open_sunbird.staging.testscripts.Mentor_TC03"/>
</testsuite> <!-- org.open_sunbird.staging.testscripts.Mentor_TC03 -->
