<?xml version="1.0" encoding="UTF-8"?>
<!-- Generated by org.testng.reporters.JUnitReportReporter -->
<testsuite name="org.sunbird.testscripts.Announcement_TC04" tests="1" time="0.009" ignored="0" failures="0" timestamp="09 Aug 2018 02:40:52 GMT" skipped="1" hostname="ubuntu" errors="0">
  <testcase name="deleteAndVerifyAnnouncement_TC04" time="0.009" classname="org.sunbird.testscripts.Announcement_TC04">
    <skipped/>
  </testcase> <!-- deleteAndVerifyAnnouncement_TC04 -->
</testsuite> <!-- org.sunbird.testscripts.Announcement_TC04 -->
