<?xml version="1.0" encoding="UTF-8"?>
<!-- Generated by org.testng.reporters.JUnitReportReporter -->
<testsuite name="org.open_sunbird.staging.testscripts.Creator_TC13" tests="1" time="111.473" ignored="0" failures="0" timestamp="26 Jul 2018 07:35:34 GMT" skipped="0" hostname="QUALITRIX-PC" errors="0">
  <testcase name="editAndSendForReviewTestCase13" time="111.473" classname="org.open_sunbird.staging.testscripts.Creator_TC13"/>
</testsuite> <!-- org.open_sunbird.staging.testscripts.Creator_TC13 -->
