<?xml version="1.0" encoding="UTF-8"?>
<!-- Generated by org.testng.reporters.JUnitReportReporter -->
<testsuite name="org.sunbird.testscripts.Creator_TC04" tests="1" time="0.000" ignored="0" failures="0" timestamp="09 Aug 2018 02:40:52 GMT" skipped="1" hostname="ubuntu" errors="0">
  <testcase name="uploadMp4TestCase04" time="0.000" classname="org.sunbird.testscripts.Creator_TC04">
    <skipped/>
  </testcase> <!-- uploadMp4TestCase04 -->
</testsuite> <!-- org.sunbird.testscripts.Creator_TC04 -->
