<?xml version="1.0" encoding="UTF-8"?>
<!-- Generated by org.testng.reporters.JUnitReportReporter -->
<testsuite name="org.sunbird.testscripts.Mentor_TC10" tests="1" time="66.268" ignored="0" failures="0" timestamp="09 Aug 2018 02:40:52 GMT" skipped="0" hostname="ubuntu" errors="0">
  <testcase name="CheckForDownloadButtonInMentor_TC10" time="66.268" classname="org.sunbird.testscripts.Mentor_TC10"/>
</testsuite> <!-- org.sunbird.testscripts.Mentor_TC10 -->
