<?xml version="1.0" encoding="UTF-8"?>
<!-- Generated by org.testng.reporters.JUnitReportReporter -->
<testsuite name="org.open_sunbird.staging.testscripts.Creator_TC11" tests="1" time="187.707" ignored="0" failures="0" timestamp="26 Jul 2018 07:47:35 GMT" skipped="0" hostname="QUALITRIX-PC" errors="0">
  <testcase name="resourceCreationTestCase11" time="187.707" classname="org.open_sunbird.staging.testscripts.Creator_TC11"/>
</testsuite> <!-- org.open_sunbird.staging.testscripts.Creator_TC11 -->
