<?xml version="1.0" encoding="UTF-8"?>
<!-- Generated by org.testng.reporters.JUnitReportReporter -->
<testsuite name="org.sunbird.testscripts.Creator_TC11" tests="1" time="0.006" ignored="0" failures="0" timestamp="09 Aug 2018 02:40:52 GMT" skipped="1" hostname="ubuntu" errors="0">
  <testcase name="resourceCreationTestCase11" time="0.006" classname="org.sunbird.testscripts.Creator_TC11">
    <skipped/>
  </testcase> <!-- resourceCreationTestCase11 -->
</testsuite> <!-- org.sunbird.testscripts.Creator_TC11 -->
