<?xml version="1.0" encoding="UTF-8"?>
<!-- Generated by org.testng.reporters.JUnitReportReporter -->
<testsuite name="org.open_sunbird.staging.testscripts.Announcement_TC01" tests="1" time="39.370" ignored="0" failures="0" timestamp="31 Jul 2018 12:24:34 GMT" skipped="0" hostname="QUALITRIX-PC" errors="0">
  <testcase name="NavigateToAnnouncementDashboard_TC01" time="39.370" classname="org.open_sunbird.staging.testscripts.Announcement_TC01"/>
</testsuite> <!-- org.open_sunbird.staging.testscripts.Announcement_TC01 -->
