<?xml version="1.0" encoding="UTF-8"?>
<!-- Generated by org.testng.reporters.JUnitReportReporter -->
<testsuite name="org.open_sunbird.staging.testscripts.Creator_TC07" tests="1" time="146.373" ignored="0" failures="0" timestamp="26 Jul 2018 11:07:17 GMT" skipped="0" hostname="QUALITRIX-PC" errors="0">
  <testcase name="uploadEpubTestCase07" time="146.373" classname="org.open_sunbird.staging.testscripts.Creator_TC07"/>
</testsuite> <!-- org.open_sunbird.staging.testscripts.Creator_TC07 -->
