<?xml version="1.0" encoding="UTF-8"?>
<!-- Generated by org.testng.reporters.JUnitReportReporter -->
<testsuite name="org.open_sunbird.staging.testscripts.Creator_TC03" tests="1" time="227.131" ignored="0" failures="0" timestamp="30 Jul 2018 07:22:24 GMT" skipped="0" hostname="QUALITRIX-PC" errors="0">
  <testcase name="lessonplanCreationTestCase03" time="227.131" classname="org.open_sunbird.staging.testscripts.Creator_TC03"/>
</testsuite> <!-- org.open_sunbird.staging.testscripts.Creator_TC03 -->
