<?xml version="1.0" encoding="UTF-8"?>
<!-- Generated by org.testng.reporters.JUnitReportReporter -->
<testsuite name="org.open_sunbird.staging.testscripts.Creator_TC16" tests="1" time="167.127" ignored="0" failures="0" timestamp="25 Jul 2018 12:55:01 GMT" skipped="0" hostname="QUALITRIX-PC" errors="0">
  <testcase name="verifyPublishedBucketTestCase16" time="167.127" classname="org.open_sunbird.staging.testscripts.Creator_TC16"/>
</testsuite> <!-- org.open_sunbird.staging.testscripts.Creator_TC16 -->
