<?xml version="1.0" encoding="UTF-8"?>
<!-- Generated by org.testng.reporters.JUnitReportReporter -->
<testsuite name="org.open_sunbird.staging.testscripts.Mentor_TC06" tests="1" time="232.142" ignored="0" failures="0" timestamp="02 Aug 2018 10:24:59 GMT" skipped="0" hostname="QUALITRIX-PC" errors="0">
  <testcase name="updateBatchAsMemberInMentor_TC06" time="232.142" classname="org.open_sunbird.staging.testscripts.Mentor_TC06"/>
</testsuite> <!-- org.open_sunbird.staging.testscripts.Mentor_TC06 -->
