<?xml version="1.0" encoding="UTF-8"?>
<!-- Generated by org.testng.reporters.JUnitReportReporter -->
<testsuite name="org.sunbird.testscripts.Mentor_TC13" tests="1" time="302.621" ignored="0" failures="0" timestamp="09 Aug 2018 02:40:52 GMT" skipped="0" hostname="ubuntu" errors="0">
  <testcase name="consumeCourseByInvitedMemberInMentor_TC13" time="302.621" classname="org.sunbird.testscripts.Mentor_TC13"/>
</testsuite> <!-- org.sunbird.testscripts.Mentor_TC13 -->
