<?xml version="1.0" encoding="UTF-8"?>
<!-- Generated by org.testng.reporters.JUnitReportReporter -->
<testsuite name="org.open_sunbird.staging.testscripts.Creator_TC02" tests="1" time="223.051" ignored="0" failures="0" timestamp="30 Jul 2018 07:08:38 GMT" skipped="0" hostname="QUALITRIX-PC" errors="0">
  <testcase name="bookCreationTestCase02" time="223.051" classname="org.open_sunbird.staging.testscripts.Creator_TC02"/>
</testsuite> <!-- org.open_sunbird.staging.testscripts.Creator_TC02 -->
