<?xml version="1.0" encoding="UTF-8"?>
<!-- Generated by org.testng.reporters.JUnitReportReporter -->
<testsuite name="org.sunbird.testscripts.PublicUser_TC14" tests="1" time="191.860" ignored="0" failures="0" timestamp="09 Aug 2018 02:40:52 GMT" skipped="0" hostname="ubuntu" errors="0">
  <testcase name="skillEndorsementTestCase14" time="191.860" classname="org.sunbird.testscripts.PublicUser_TC14"/>
</testsuite> <!-- org.sunbird.testscripts.PublicUser_TC14 -->
