<?xml version="1.0" encoding="UTF-8"?>
<!-- Generated by org.testng.reporters.JUnitReportReporter -->
<testsuite name="org.open_sunbird.staging.testscripts.Creator_TC14" tests="1" time="278.205" ignored="0" failures="0" timestamp="26 Jul 2018 07:43:36 GMT" skipped="0" hostname="QUALITRIX-PC" errors="0">
  <testcase name="contentLimitedSharingTestCase14" time="278.205" classname="org.open_sunbird.staging.testscripts.Creator_TC14"/>
</testsuite> <!-- org.open_sunbird.staging.testscripts.Creator_TC14 -->
