<?xml version="1.0" encoding="UTF-8"?>
<!-- Generated by org.testng.reporters.JUnitReportReporter -->
<testsuite name="org.open_sunbird.staging.testscripts.Mentor_TC05" tests="1" time="215.178" ignored="0" failures="0" timestamp="02 Aug 2018 09:45:31 GMT" skipped="0" hostname="QUALITRIX-PC" errors="0">
  <testcase name="checkStatForOpenBatchMentor_TC05" time="215.178" classname="org.open_sunbird.staging.testscripts.Mentor_TC05"/>
</testsuite> <!-- org.open_sunbird.staging.testscripts.Mentor_TC05 -->
