<?xml version="1.0" encoding="UTF-8"?>
<!-- Generated by org.testng.reporters.JUnitReportReporter -->
<testsuite name="org.open_sunbird.staging.testscripts.PublicUser_TC08" tests="1" time="91.762" ignored="0" failures="0" timestamp="23 May 2018 05:58:47 GMT" skipped="0" hostname="QUALITRIX-PC" errors="0">
  <testcase name="testCase08" time="91.762" classname="org.open_sunbird.staging.testscripts.PublicUser_TC08"/>
</testsuite> <!-- org.open_sunbird.staging.testscripts.PublicUser_TC08 -->
