<?xml version="1.0" encoding="UTF-8"?>
<!-- Generated by org.testng.reporters.JUnitReportReporter -->
<testsuite name="org.open_sunbird.staging.testscripts.Announcement_TC08" tests="1" time="30.992" ignored="0" failures="0" timestamp="31 Jul 2018 05:48:25 GMT" skipped="0" hostname="QUALITRIX-PC" errors="0">
  <testcase name="openAnnouncement_TC08" time="30.992" classname="org.open_sunbird.staging.testscripts.Announcement_TC08"/>
</testsuite> <!-- org.open_sunbird.staging.testscripts.Announcement_TC08 -->
