<?xml version="1.0" encoding="UTF-8"?>
<!-- Generated by org.testng.reporters.JUnitReportReporter -->
<testsuite name="org.sunbird.testscripts.Mentor_TC11" tests="1" time="61.143" ignored="0" failures="0" timestamp="09 Aug 2018 02:40:52 GMT" skipped="0" hostname="ubuntu" errors="0">
  <testcase name="checkForAuthenticUserInMentor_TC11" time="61.143" classname="org.sunbird.testscripts.Mentor_TC11"/>
</testsuite> <!-- org.sunbird.testscripts.Mentor_TC11 -->
