<?xml version="1.0" encoding="UTF-8"?>
<!-- Generated by org.testng.reporters.JUnitReportReporter -->
<testsuite name="org.open_sunbird.staging.testscripts.Creator_TC17" tests="1" time="78.153" ignored="0" failures="0" timestamp="24 Jul 2018 11:49:17 GMT" skipped="0" hostname="QUALITRIX-PC" errors="0">
  <testcase name="dialCodeLinkTestCase17" time="78.153" classname="org.open_sunbird.staging.testscripts.Creator_TC17"/>
</testsuite> <!-- org.open_sunbird.staging.testscripts.Creator_TC17 -->
