<?xml version="1.0" encoding="UTF-8"?>
<!-- Generated by org.testng.reporters.JUnitReportReporter -->
<testsuite name="org.open_sunbird.staging.testscripts.Admin_TC09_11" tests="1" time="119.878" ignored="0" failures="0" timestamp="31 May 2018 07:50:49 GMT" skipped="0" hostname="QUALITRIX-PC" errors="0">
  <testcase name="testCase09_11" time="119.878" classname="org.open_sunbird.staging.testscripts.Admin_TC09_11"/>
</testsuite> <!-- org.open_sunbird.staging.testscripts.Admin_TC09_11 -->
