<?xml version="1.0" encoding="UTF-8"?>
<!-- Generated by org.testng.reporters.JUnitReportReporter -->
<testsuite name="org.sunbird.testscripts.Announcement_TC02_03_04" tests="1" time="0.008" ignored="0" failures="0" timestamp="09 Aug 2018 02:40:52 GMT" skipped="1" hostname="ubuntu" errors="0">
  <testcase name="createAnnouncement_TC02" time="0.008" classname="org.sunbird.testscripts.Announcement_TC02_03_04">
    <skipped/>
  </testcase> <!-- createAnnouncement_TC02 -->
</testsuite> <!-- org.sunbird.testscripts.Announcement_TC02_03_04 -->
