<?xml version="1.0" encoding="UTF-8"?>
<!-- Generated by org.testng.reporters.JUnitReportReporter -->
<testsuite name="org.sunbird.testscripts.Creator_TC16" tests="1" time="0.002" ignored="0" failures="0" timestamp="09 Aug 2018 02:40:52 GMT" skipped="1" hostname="ubuntu" errors="0">
  <testcase name="verifyPublishedBucketTestCase16" time="0.002" classname="org.sunbird.testscripts.Creator_TC16">
    <skipped/>
  </testcase> <!-- verifyPublishedBucketTestCase16 -->
</testsuite> <!-- org.sunbird.testscripts.Creator_TC16 -->
