<?xml version="1.0" encoding="UTF-8"?>
<!-- Generated by org.testng.reporters.JUnitReportReporter -->
<testsuite name="org.open_sunbird.staging.testscripts.Mentor_TC01" tests="1" time="141.317" ignored="0" failures="0" timestamp="03 Aug 2018 05:08:22 GMT" skipped="0" hostname="QUALITRIX-PC" errors="0">
  <testcase name="checkCourseStatAsMentor_TC01" time="141.317" classname="org.open_sunbird.staging.testscripts.Mentor_TC01"/>
</testsuite> <!-- org.open_sunbird.staging.testscripts.Mentor_TC01 -->
