<?xml version="1.0" encoding="UTF-8"?>
<!-- Generated by org.testng.reporters.JUnitReportReporter -->
<testsuite name="org.open_sunbird.staging.testscripts.PublicUser_TC14" tests="1" time="62.294" ignored="0" failures="0" timestamp="28 May 2018 11:52:48 GMT" skipped="0" hostname="QUALITRIX-PC" errors="0">
  <testcase name="testCase14" time="62.294" classname="org.open_sunbird.staging.testscripts.PublicUser_TC14"/>
</testsuite> <!-- org.open_sunbird.staging.testscripts.PublicUser_TC14 -->
