<?xml version="1.0" encoding="UTF-8"?>
<!-- Generated by org.testng.reporters.JUnitReportReporter -->
<testsuite name="org.sunbird.testscripts.Mentor_TC02" tests="1" time="0.007" ignored="0" failures="0" timestamp="09 Aug 2018 02:40:52 GMT" skipped="1" hostname="ubuntu" errors="0">
  <testcase name="consumeOpenCourseByPublicUserInMentor_TC02" time="0.007" classname="org.sunbird.testscripts.Mentor_TC02">
    <skipped/>
  </testcase> <!-- consumeOpenCourseByPublicUserInMentor_TC02 -->
</testsuite> <!-- org.sunbird.testscripts.Mentor_TC02 -->
