<?xml version="1.0" encoding="UTF-8"?>
<!-- Generated by org.testng.reporters.JUnitReportReporter -->
<testsuite name="org.open_sunbird.staging.testscripts.Creator_TC15" tests="1" time="125.155" ignored="0" failures="0" timestamp="26 Jul 2018 04:59:53 GMT" skipped="0" hostname="QUALITRIX-PC" errors="0">
  <testcase name="checkReviewSubmissionTestCase15" time="125.155" classname="org.open_sunbird.staging.testscripts.Creator_TC15"/>
</testsuite> <!-- org.open_sunbird.staging.testscripts.Creator_TC15 -->
