<?xml version="1.0" encoding="UTF-8"?>
<!-- Generated by org.testng.reporters.JUnitReportReporter -->
<testsuite name="org.open_sunbird.staging.testscripts.Announcement_TC09" tests="1" time="90.536" ignored="0" failures="0" timestamp="01 Aug 2018 06:53:18 GMT" skipped="0" hostname="QUALITRIX-PC" errors="0">
  <testcase name="createWithAttachmentAnnouncement_TC09" time="90.536" classname="org.open_sunbird.staging.testscripts.Announcement_TC09"/>
</testsuite> <!-- org.open_sunbird.staging.testscripts.Announcement_TC09 -->
