<?xml version="1.0" encoding="UTF-8"?>
<!-- Generated by org.testng.reporters.JUnitReportReporter -->
<testsuite name="org.sunbird.testscripts.Admin_TC02" tests="1" time="0.003" ignored="0" failures="0" timestamp="09 Aug 2018 02:40:52 GMT" skipped="1" hostname="ubuntu" errors="0">
  <testcase name="uploadSubOrgTestCase02" time="0.003" classname="org.sunbird.testscripts.Admin_TC02">
    <skipped/>
  </testcase> <!-- uploadSubOrgTestCase02 -->
</testsuite> <!-- org.sunbird.testscripts.Admin_TC02 -->
