<?xml version="1.0" encoding="UTF-8"?>
<!-- Generated by org.testng.reporters.JUnitReportReporter -->
<testsuite name="org.open_sunbird.staging.testscripts.PublicUser_TC11" tests="1" time="40.699" ignored="0" failures="0" timestamp="31 May 2018 11:59:22 GMT" skipped="0" hostname="QUALITRIX-PC" errors="0">
  <testcase name="testCase11" time="40.699" classname="org.open_sunbird.staging.testscripts.PublicUser_TC11"/>
</testsuite> <!-- org.open_sunbird.staging.testscripts.PublicUser_TC11 -->
