<?xml version="1.0" encoding="UTF-8"?>
<!-- Generated by org.testng.reporters.JUnitReportReporter -->
<testsuite name="org.open_sunbird.staging.testscripts.FlagReviewer_TC07" tests="1" time="7.365" ignored="0" failures="0" timestamp="01 Aug 2018 05:29:24 GMT" skipped="0" hostname="QUALITRIX-PC" errors="0">
  <testcase name="flagReviewerTestCase07" time="7.365" classname="org.open_sunbird.staging.testscripts.FlagReviewer_TC07"/>
</testsuite> <!-- org.open_sunbird.staging.testscripts.FlagReviewer_TC07 -->
