<?xml version="1.0" encoding="UTF-8"?>
<!-- Generated by org.testng.reporters.JUnitReportReporter -->
<testsuite name="org.sunbird.testscripts.PublicUser_TC01_02" tests="1" time="20.040" ignored="0" failures="0" timestamp="09 Aug 2018 02:40:52 GMT" skipped="0" hostname="ubuntu" errors="0">
  <testcase name="loginAndChangePasswordTestCase01_02" time="20.040" classname="org.sunbird.testscripts.PublicUser_TC01_02"/>
</testsuite> <!-- org.sunbird.testscripts.PublicUser_TC01_02 -->
