<?xml version="1.0" encoding="UTF-8"?>
<!-- Generated by org.testng.reporters.JUnitReportReporter -->
<testsuite name="org.sunbird.testscripts.Mentor_TC07" tests="1" time="0.001" ignored="0" failures="0" timestamp="09 Aug 2018 02:40:52 GMT" skipped="1" hostname="ubuntu" errors="0">
  <testcase name="NavigateToMyActivityMentorTC_07" time="0.001" classname="org.sunbird.testscripts.Mentor_TC07">
    <skipped/>
  </testcase> <!-- NavigateToMyActivityMentorTC_07 -->
</testsuite> <!-- org.sunbird.testscripts.Mentor_TC07 -->
