<?xml version="1.0" encoding="UTF-8"?>
<!-- Generated by org.testng.reporters.JUnitReportReporter -->
<testsuite name="org.open_sunbird.staging.testscripts.Creator_TC20" tests="1" time="27.296" ignored="0" failures="0" timestamp="24 Jul 2018 12:38:38 GMT" skipped="0" hostname="QUALITRIX-PC" errors="0">
  <testcase name="bookCreatortestCase20" time="27.296" classname="org.open_sunbird.staging.testscripts.Creator_TC20"/>
</testsuite> <!-- org.open_sunbird.staging.testscripts.Creator_TC20 -->
