<?xml version="1.0" encoding="UTF-8"?>
<!-- Generated by org.testng.reporters.JUnitReportReporter -->
<testsuite name="org.sunbird.testscripts.FlagReviewer_TC02" tests="1" time="0.001" ignored="0" failures="0" timestamp="09 Aug 2018 02:40:52 GMT" skipped="1" hostname="ubuntu" errors="0">
  <testcase name="flagReviewerTestCase02" time="0.001" classname="org.sunbird.testscripts.FlagReviewer_TC02">
    <skipped/>
  </testcase> <!-- flagReviewerTestCase02 -->
</testsuite> <!-- org.sunbird.testscripts.FlagReviewer_TC02 -->
