<?xml version="1.0" encoding="UTF-8"?>
<!-- Generated by org.testng.reporters.JUnitReportReporter -->
<testsuite name="org.sunbird.testscripts.FlagReviewer_TC07" tests="1" time="9.662" ignored="0" failures="0" timestamp="09 Aug 2018 02:40:52 GMT" skipped="0" hostname="ubuntu" errors="0">
  <testcase name="flagReviewerTestCase07" time="9.662" classname="org.sunbird.testscripts.FlagReviewer_TC07"/>
</testsuite> <!-- org.sunbird.testscripts.FlagReviewer_TC07 -->
