<?xml version="1.0" encoding="UTF-8"?>
<!-- Generated by org.testng.reporters.JUnitReportReporter -->
<testsuite name="org.open_sunbird.staging.testscripts.Mentor_TC10" tests="1" time="59.682" ignored="0" failures="0" timestamp="02 Aug 2018 12:43:42 GMT" skipped="0" hostname="QUALITRIX-PC" errors="0">
  <testcase name="CheckForDownloadButtonInMentor_TC10" time="59.682" classname="org.open_sunbird.staging.testscripts.Mentor_TC10"/>
</testsuite> <!-- org.open_sunbird.staging.testscripts.Mentor_TC10 -->
