<?xml version="1.0" encoding="UTF-8"?>
<!-- Generated by org.testng.reporters.JUnitReportReporter -->
<testsuite name="org.open_sunbird.staging.testscripts.PublicUser_TC10" tests="1" time="83.661" ignored="0" failures="0" timestamp="23 May 2018 11:42:06 GMT" skipped="0" hostname="QUALITRIX-PC" errors="0">
  <testcase name="testCase10" time="83.661" classname="org.open_sunbird.staging.testscripts.PublicUser_TC10"/>
</testsuite> <!-- org.open_sunbird.staging.testscripts.PublicUser_TC10 -->
