<?xml version="1.0" encoding="UTF-8"?>
<!-- Generated by org.testng.reporters.JUnitReportReporter -->
<testsuite name="org.open_sunbird.staging.testscripts.Mentor_TC11" tests="1" time="50.154" ignored="0" failures="0" timestamp="02 Aug 2018 12:45:54 GMT" skipped="0" hostname="QUALITRIX-PC" errors="0">
  <testcase name="checkForAuthenticUserInMentor_TC11" time="50.154" classname="org.open_sunbird.staging.testscripts.Mentor_TC11"/>
</testsuite> <!-- org.open_sunbird.staging.testscripts.Mentor_TC11 -->
