<?xml version="1.0" encoding="UTF-8"?>
<!-- Generated by org.testng.reporters.JUnitReportReporter -->
<testsuite name="org.sunbird.testscripts.Reviewer_TC01" tests="1" time="0.007" ignored="0" failures="0" timestamp="09 Aug 2018 02:40:52 GMT" skipped="1" hostname="ubuntu" errors="0">
  <testcase name="testCase01" time="0.007" classname="org.sunbird.testscripts.Reviewer_TC01">
    <skipped/>
  </testcase> <!-- testCase01 -->
</testsuite> <!-- org.sunbird.testscripts.Reviewer_TC01 -->
