<?xml version="1.0" encoding="UTF-8"?>
<!-- Generated by org.testng.reporters.JUnitReportReporter -->
<testsuite name="org.open_sunbird.staging.testscripts.PublicUser_TC09" tests="1" time="87.908" ignored="0" failures="0" timestamp="23 May 2018 10:01:09 GMT" skipped="0" hostname="QUALITRIX-PC" errors="0">
  <testcase name="testCase09" time="87.908" classname="org.open_sunbird.staging.testscripts.PublicUser_TC09"/>
</testsuite> <!-- org.open_sunbird.staging.testscripts.PublicUser_TC09 -->
