<?xml version="1.0" encoding="UTF-8"?>
<!-- Generated by org.testng.reporters.JUnitReportReporter -->
<testsuite name="org.open_sunbird.staging.testscripts.Creator_TC06" tests="1" time="160.347" ignored="0" failures="0" timestamp="26 Jul 2018 10:16:33 GMT" skipped="0" hostname="QUALITRIX-PC" errors="0">
  <testcase name="uploadYoutubeTestCase06" time="160.347" classname="org.open_sunbird.staging.testscripts.Creator_TC06"/>
</testsuite> <!-- org.open_sunbird.staging.testscripts.Creator_TC06 -->
