<?xml version="1.0" encoding="UTF-8"?>
<!-- Generated by org.testng.reporters.JUnitReportReporter -->
<testsuite name="org.open_sunbird.staging.testscripts.PublicUser_TC04" tests="1" time="25.261" ignored="0" failures="0" timestamp="18 Jul 2018 07:10:37 GMT" skipped="0" hostname="QUALITRIX-PC" errors="0">
  <testcase name="verifyHomePageTestCase04" time="25.261" classname="org.open_sunbird.staging.testscripts.PublicUser_TC04"/>
</testsuite> <!-- org.open_sunbird.staging.testscripts.PublicUser_TC04 -->
