<?xml version="1.0" encoding="UTF-8"?>
<!-- Generated by org.testng.reporters.JUnitReportReporter -->
<testsuite name="org.open_sunbird.staging.testscripts.PublicUser_TC12" tests="1" time="109.797" ignored="0" failures="0" timestamp="23 May 2018 13:29:50 GMT" skipped="0" hostname="QUALITRIX-PC" errors="0">
  <testcase name="testCase12" time="109.797" classname="org.open_sunbird.staging.testscripts.PublicUser_TC12"/>
</testsuite> <!-- org.open_sunbird.staging.testscripts.PublicUser_TC12 -->
