<?xml version="1.0" encoding="UTF-8"?>
<!-- Generated by org.testng.reporters.JUnitReportReporter -->
<testsuite name="org.open_sunbird.staging.testscripts.PublicUser_TC13" tests="1" time="93.962" ignored="0" failures="0" timestamp="24 May 2018 05:35:52 GMT" skipped="0" hostname="QUALITRIX-PC" errors="0">
  <testcase name="testCase13" time="93.962" classname="org.open_sunbird.staging.testscripts.PublicUser_TC13"/>
</testsuite> <!-- org.open_sunbird.staging.testscripts.PublicUser_TC13 -->
