<?xml version="1.0" encoding="UTF-8"?>
<!-- Generated by org.testng.reporters.JUnitReportReporter -->
<testsuite name="org.open_sunbird.staging.testscripts.Creator_TC19" tests="1" time="46.401" ignored="0" failures="0" timestamp="24 Jul 2018 10:56:32 GMT" skipped="0" hostname="QUALITRIX-PC" errors="0">
  <testcase name="bookCreateOptionValidation" time="46.401" classname="org.open_sunbird.staging.testscripts.Creator_TC19"/>
</testsuite> <!-- org.open_sunbird.staging.testscripts.Creator_TC19 -->
