<?xml version="1.0" encoding="UTF-8"?>
<!-- Generated by org.testng.reporters.JUnitReportReporter -->
<testsuite name="org.open_sunbird.staging.testscripts.Mentor_TC12" tests="1" time="22.950" ignored="0" failures="0" timestamp="02 Aug 2018 12:46:43 GMT" skipped="0" hostname="QUALITRIX-PC" errors="0">
  <testcase name="testcaseMentor12" time="22.950" classname="org.open_sunbird.staging.testscripts.Mentor_TC12"/>
</testsuite> <!-- org.open_sunbird.staging.testscripts.Mentor_TC12 -->
