<?xml version="1.0" encoding="UTF-8"?>
<!-- Generated by org.testng.reporters.JUnitReportReporter -->
<testsuite name="org.open_sunbird.staging.testscripts.Announcement_TC03" tests="1" time="91.372" ignored="0" failures="0" timestamp="30 Jul 2018 11:34:10 GMT" skipped="0" hostname="QUALITRIX-PC" errors="0">
  <testcase name="deleteAnnouncement_TC03" time="91.372" classname="org.open_sunbird.staging.testscripts.Announcement_TC03"/>
</testsuite> <!-- org.open_sunbird.staging.testscripts.Announcement_TC03 -->
