<?xml version="1.0" encoding="UTF-8"?>
<!-- Generated by org.testng.reporters.JUnitReportReporter -->
<testsuite name="org.sunbird.testscripts.Announcement_TC01" tests="1" time="96.898" ignored="0" failures="0" timestamp="09 Aug 2018 02:40:52 GMT" skipped="0" hostname="ubuntu" errors="0">
  <testcase name="NavigateToAnnouncementDashboard_TC01" time="96.898" classname="org.sunbird.testscripts.Announcement_TC01"/>
</testsuite> <!-- org.sunbird.testscripts.Announcement_TC01 -->
