<?xml version="1.0" encoding="UTF-8"?>
<!-- Generated by org.testng.reporters.JUnitReportReporter -->
<testsuite name="org.sunbird.testscripts.Mentor_TC12" tests="1" time="52.928" ignored="0" failures="0" timestamp="09 Aug 2018 07:04:29 GMT" skipped="0" hostname="ubuntu" errors="0">
  <testcase name="testcaseMentor12" time="52.928" classname="org.sunbird.testscripts.Mentor_TC12"/>
</testsuite> <!-- org.sunbird.testscripts.Mentor_TC12 -->
